<?xml version="1.0" encoding="UTF-8"?>
<!-- Generated by org.testng.reporters.JUnitReportReporter -->
<testsuite hostname="Feba-Michael" failures="0" tests="1" name="testpkg.SSLogintest" time="77.496" errors="0" timestamp="2024-06-14T23:08:16 IST" skipped="0">
  <testcase classname="testpkg.SSLogintest" name="loginvalidationtest" time="77.496"/>
  <system-out/>
</testsuite> <!-- testpkg.SSLogintest -->
